0 info it worked if it ends with ok
1 verbose cli [ '/home/hossein/sysroot/bin/node',
1 verbose cli   '/home/hossein/sysroot/bin/npm',
1 verbose cli   'run',
1 verbose cli   'start' ]
2 info using npm@3.10.8
3 info using node@v6.8.0
4 verbose run-script [ 'prestart', 'start', 'poststart' ]
5 info lifecycle workercrm-client@0.0.1~prestart: workercrm-client@0.0.1
6 silly lifecycle workercrm-client@0.0.1~prestart: no script for prestart, continuing
7 info lifecycle workercrm-client@0.0.1~start: workercrm-client@0.0.1
8 verbose lifecycle workercrm-client@0.0.1~start: unsafe-perm in lifecycle true
9 verbose lifecycle workercrm-client@0.0.1~start: PATH: /home/hossein/sysroot/lib/node_modules/npm/bin/node-gyp-bin:/home/hossein/com.aminbros.projects/web/workercrm/node_modules/.bin:/home/hossein/bin:/home/hossein/sysroot/bin/:/home/hossein/bin:/home/hossein/sysroot/bin/:/home/hossein/bin:/home/hossein/sysroot/bin/:/usr/lib64/qt-3.3/bin:/usr/lib64/ccache:/usr/local/bin:/usr/local/sbin:/usr/bin:/usr/sbin:/home/hossein/android-dev/android-sdk/platform-tools/:/home/hossein/android-dev/android-ndk-r12:/home/hossein/android-dev/dex2jar-bin:/usr/local/go//bin:/home/hossein/go/bin:/home/hossein/.local/bin:/home/hossein/bin:/home/hossein/android-dev/android-sdk/platform-tools/:/home/hossein/android-dev/android-ndk-r12:/home/hossein/android-dev/dex2jar-bin:/usr/local/go//bin:/home/hossein/go/bin:/home/hossein/android-dev/android-sdk/platform-tools/:/home/hossein/android-dev/android-ndk-r12:/home/hossein/android-dev/dex2jar-bin:/usr/local/go//bin:/home/hossein/go/bin
10 verbose lifecycle workercrm-client@0.0.1~start: CWD: /home/hossein/com.aminbros.projects/web/workercrm
11 silly lifecycle workercrm-client@0.0.1~start: Args: [ '-c', 'tsc && concurrently "tsc -w" "lite-server" ' ]
12 silly lifecycle workercrm-client@0.0.1~start: Returned: code: 2  signal: null
13 info lifecycle workercrm-client@0.0.1~start: Failed to exec start script
14 verbose stack Error: workercrm-client@0.0.1 start: `tsc && concurrently "tsc -w" "lite-server" `
14 verbose stack Exit status 2
14 verbose stack     at EventEmitter.<anonymous> (/home/hossein/sysroot/lib/node_modules/npm/lib/utils/lifecycle.js:255:16)
14 verbose stack     at emitTwo (events.js:106:13)
14 verbose stack     at EventEmitter.emit (events.js:191:7)
14 verbose stack     at ChildProcess.<anonymous> (/home/hossein/sysroot/lib/node_modules/npm/lib/utils/spawn.js:40:14)
14 verbose stack     at emitTwo (events.js:106:13)
14 verbose stack     at ChildProcess.emit (events.js:191:7)
14 verbose stack     at maybeClose (internal/child_process.js:877:16)
14 verbose stack     at Process.ChildProcess._handle.onexit (internal/child_process.js:226:5)
15 verbose pkgid workercrm-client@0.0.1
16 verbose cwd /home/hossein/com.aminbros.projects/web/workercrm
17 error Linux 4.7.9-100.fc23.x86_64
18 error argv "/home/hossein/sysroot/bin/node" "/home/hossein/sysroot/bin/npm" "run" "start"
19 error node v6.8.0
20 error npm  v3.10.8
21 error code ELIFECYCLE
22 error workercrm-client@0.0.1 start: `tsc && concurrently "tsc -w" "lite-server" `
22 error Exit status 2
23 error Failed at the workercrm-client@0.0.1 start script 'tsc && concurrently "tsc -w" "lite-server" '.
23 error Make sure you have the latest version of node.js and npm installed.
23 error If you do, this is most likely a problem with the workercrm-client package,
23 error not with npm itself.
23 error Tell the author that this fails on your system:
23 error     tsc && concurrently "tsc -w" "lite-server"
23 error You can get information on how to open an issue for this project with:
23 error     npm bugs workercrm-client
23 error Or if that isn't available, you can get their info via:
23 error     npm owner ls workercrm-client
23 error There is likely additional logging output above.
24 verbose exit [ 1, true ]
